<?xml version="1.0" encoding="UTF-8"?>
<!-- Generated by org.testng.reporters.JUnitXMLReporter -->
<testsuite ignored="10" hostname="Koyama" failures="0" tests="1" name="Default test" time="15.466" errors="0" timestamp="2026-04-06T15:39:52 BRT">
  <testcase classname="com.koyama.tests.BasicElementsTests" name="contentDynamicSelectControls" time="13.956"/>
  <testcase classname="com.koyama.tests.BasicElementsTests" name="shouldOpenABTestingPageAndDisplayParagraph" time="0.0">
    <ignored/>
  </testcase> <!-- shouldOpenABTestingPageAndDisplayParagraph -->
  <testcase classname="com.koyama.tests.BasicElementsTests" name="shouldOpenContextMenuPageSuccessfully" time="0.0">
    <ignored/>
  </testcase> <!-- shouldOpenContextMenuPageSuccessfully -->
  <testcase classname="com.koyama.tests.BasicElementsTests" name="shouldOpenChallengingDomPageAndValidateParagraph" time="0.0">
    <ignored/>
  </testcase> <!-- shouldOpenChallengingDomPageAndValidateParagraph -->
  <testcase classname="com.koyama.tests.BasicElementsTests" name="shouldNavigateThroughDisappearingElementsAndReturn" time="0.0">
    <ignored/>
  </testcase> <!-- shouldNavigateThroughDisappearingElementsAndReturn -->
  <testcase classname="com.koyama.tests.BasicElementsTests" name="contentDynamicParagraph" time="0.0">
    <ignored/>
  </testcase> <!-- contentDynamicParagraph -->
  <testcase classname="com.koyama.tests.BasicElementsTests" name="shouldDragAndDropColumnsSuccessfully" time="0.0">
    <ignored/>
  </testcase> <!-- shouldDragAndDropColumnsSuccessfully -->
  <testcase classname="com.koyama.tests.BasicElementsTests" name="shouldOpenBrokenImagesPageSuccessfully" time="0.0">
    <ignored/>
  </testcase> <!-- shouldOpenBrokenImagesPageSuccessfully -->
  <testcase classname="com.koyama.tests.BasicElementsTests" name="shouldAddFiveElementsSuccessfully" time="0.0">
    <ignored/>
  </testcase> <!-- shouldAddFiveElementsSuccessfully -->
  <testcase classname="com.koyama.tests.BasicElementsTests" name="shouldSelectDropdown" time="0.0">
    <ignored/>
  </testcase> <!-- shouldSelectDropdown -->
  <testcase classname="com.koyama.tests.BasicElementsTests" name="shouldSelectAllCheckboxesSuccessfully" time="0.0">
    <ignored/>
  </testcase> <!-- shouldSelectAllCheckboxesSuccessfully -->
</testsuite> <!-- Default test -->
