<?xml version="1.0" encoding="UTF-8"?>
<testng-results ignored="0" total="1" passed="0" failed="1" skipped="0">
  <reporter-output>
  </reporter-output>
  <suite started-at="2026-03-31T07:46:57 BRT" name="Default suite" finished-at="2026-03-31T07:47:01 BRT" duration-ms="4023">
    <groups>
    </groups>
    <test started-at="2026-03-31T07:46:57 BRT" name="Default test" finished-at="2026-03-31T07:47:01 BRT" duration-ms="4023">
      <class name="com.koyama.tests.BasicElementsTests">
        <test-method is-config="true" signature="setUp()[pri:0, instance:com.koyama.tests.BasicElementsTests@79e2c065]" started-at="2026-03-31T07:46:57 BRT" name="setUp" finished-at="2026-03-31T07:46:58 BRT" duration-ms="1270" status="PASS">
          <reporter-output>
          </reporter-output>
        </test-method> <!-- setUp -->
        <test-method signature="Exe01()[pri:0, instance:com.koyama.tests.BasicElementsTests@79e2c065]" started-at="2026-03-31T07:46:58 BRT" name="Exe01" finished-at="2026-03-31T07:47:01 BRT" duration-ms="2524" status="FAIL">
          <exception class="java.lang.AssertionError">
            <message>
              <![CDATA[expected [ example demonstrates the ever-evolving nature of content by loading new text and images on each page refresh.] but found [This example demonstrates the ever-evolving nature of content by loading new text and images on each page refresh.]]]>
            </message>
            <full-stacktrace>
              <![CDATA[java.lang.AssertionError: expected [ example demonstrates the ever-evolving nature of content by loading new text and images on each page refresh.] but found [This example demonstrates the ever-evolving nature of content by loading new text and images on each page refresh.]
at org.testng.Assert.fail(Assert.java:111)
at org.testng.Assert.failNotEquals(Assert.java:1578)
at org.testng.Assert.assertEqualsImpl(Assert.java:150)
at org.testng.Assert.assertEquals(Assert.java:132)
at org.testng.Assert.assertEquals(Assert.java:656)
at org.testng.Assert.assertEquals(Assert.java:666)
at com.koyama.tests.BasicElementsTests.Exe01(BasicElementsTests.java:41)
at java.base/jdk.internal.reflect.DirectMethodHandleAccessor.invoke(DirectMethodHandleAccessor.java:103)
at java.base/java.lang.reflect.Method.invoke(Method.java:580)
at org.testng.internal.invokers.MethodInvocationHelper.invokeMethod(MethodInvocationHelper.java:139)
at org.testng.internal.invokers.TestInvoker.invokeMethod(TestInvoker.java:664)
at org.testng.internal.invokers.TestInvoker.invokeTestMethod(TestInvoker.java:228)
at org.testng.internal.invokers.MethodRunner.runInSequence(MethodRunner.java:63)
at org.testng.internal.invokers.TestInvoker$MethodInvocationAgent.invoke(TestInvoker.java:961)
at org.testng.internal.invokers.TestInvoker.invokeTestMethods(TestInvoker.java:201)
at org.testng.internal.invokers.TestMethodWorker.invokeTestMethods(TestMethodWorker.java:148)
at org.testng.internal.invokers.TestMethodWorker.run(TestMethodWorker.java:128)
at java.base/java.util.ArrayList.forEach(ArrayList.java:1596)
at org.testng.TestRunner.privateRun(TestRunner.java:819)
at org.testng.TestRunner.run(TestRunner.java:619)
at org.testng.SuiteRunner.runTest(SuiteRunner.java:443)
at org.testng.SuiteRunner.runSequentially(SuiteRunner.java:437)
at org.testng.SuiteRunner.privateRun(SuiteRunner.java:397)
at org.testng.SuiteRunner.run(SuiteRunner.java:336)
at org.testng.SuiteRunnerWorker.runSuite(SuiteRunnerWorker.java:52)
at org.testng.SuiteRunnerWorker.run(SuiteRunnerWorker.java:95)
at org.testng.TestNG.runSuitesSequentially(TestNG.java:1301)
at org.testng.TestNG.runSuitesLocally(TestNG.java:1228)
at org.testng.TestNG.runSuites(TestNG.java:1134)
at org.testng.TestNG.run(TestNG.java:1101)
at org.testng.remote.AbstractRemoteTestNG.run(AbstractRemoteTestNG.java:115)
at org.testng.remote.RemoteTestNG.initAndRun(RemoteTestNG.java:293)
at org.testng.remote.RemoteTestNG.main(RemoteTestNG.java:91)
]]>
            </full-stacktrace>
          </exception> <!-- java.lang.AssertionError -->
          <reporter-output>
          </reporter-output>
        </test-method> <!-- Exe01 -->
        <test-method is-config="true" signature="tearDown()[pri:0, instance:com.koyama.tests.BasicElementsTests@79e2c065]" started-at="2026-03-31T07:47:01 BRT" name="tearDown" finished-at="2026-03-31T07:47:01 BRT" duration-ms="196" status="PASS">
          <reporter-output>
          </reporter-output>
        </test-method> <!-- tearDown -->
      </class> <!-- com.koyama.tests.BasicElementsTests -->
    </test> <!-- Default test -->
  </suite> <!-- Default suite -->
</testng-results>
