<?xml version="1.0" encoding="UTF-8"?>
<testng-results ignored="0" total="1" passed="1" failed="0" skipped="0">
  <reporter-output>
  </reporter-output>
  <suite started-at="2026-04-06T11:11:46 BRT" name="Default suite" finished-at="2026-04-06T11:11:50 BRT" duration-ms="4064">
    <groups>
    </groups>
    <test started-at="2026-04-06T11:11:46 BRT" name="Default test" finished-at="2026-04-06T11:11:50 BRT" duration-ms="4064">
      <class name="com.koyama.tests.BasicElementsTests">
        <test-method is-config="true" signature="setUp()[pri:0, instance:com.koyama.tests.BasicElementsTests@436813f3]" started-at="2026-04-06T11:11:46 BRT" name="setUp" finished-at="2026-04-06T11:11:47 BRT" duration-ms="1322" status="PASS">
          <reporter-output>
          </reporter-output>
        </test-method> <!-- setUp -->
        <test-method is-config="true" signature="initPage()[pri:0, instance:com.koyama.tests.BasicElementsTests@436813f3]" started-at="2026-04-06T11:11:47 BRT" name="initPage" finished-at="2026-04-06T11:11:47 BRT" duration-ms="4" status="PASS">
          <reporter-output>
          </reporter-output>
        </test-method> <!-- initPage -->
        <test-method signature="shouldOpenBrokenImagesPageSuccessfully()[pri:0, instance:com.koyama.tests.BasicElementsTests@436813f3]" started-at="2026-04-06T11:11:47 BRT" name="shouldOpenBrokenImagesPageSuccessfully" finished-at="2026-04-06T11:11:50 BRT" duration-ms="2480" status="PASS">
          <reporter-output>
          </reporter-output>
        </test-method> <!-- shouldOpenBrokenImagesPageSuccessfully -->
        <test-method is-config="true" signature="tearDown()[pri:0, instance:com.koyama.tests.BasicElementsTests@436813f3]" started-at="2026-04-06T11:11:50 BRT" name="tearDown" finished-at="2026-04-06T11:11:50 BRT" duration-ms="206" status="PASS">
          <reporter-output>
          </reporter-output>
        </test-method> <!-- tearDown -->
      </class> <!-- com.koyama.tests.BasicElementsTests -->
    </test> <!-- Default test -->
  </suite> <!-- Default suite -->
</testng-results>
